<?xml version="1.0" encoding="UTF-8"?>
<testng-results ignored="0" total="2" passed="2" failed="0" skipped="0">
  <reporter-output>
  </reporter-output>
  <suite started-at="2021-12-21T12:50:20 IST" name="Suite" finished-at="2021-12-21T12:50:24 IST" duration-ms="4271">
    <groups>
      <group name="cucumber">
        <method signature="AbstractTestNGCucumberTests.runScenario(io.cucumber.testng.PickleWrapper,io.cucumber.testng.FeatureWrapper)[pri:0, instance:runner.TestRunner@7bd4937b]" name="runScenario" class="io.cucumber.testng.AbstractTestNGCucumberTests"/>
      </group> <!-- cucumber -->
    </groups>
    <test started-at="2021-12-21T12:50:20 IST" name="Test" finished-at="2021-12-21T12:50:24 IST" duration-ms="4271">
      <class name="runner.TestRunner">
        <test-method is-config="true" signature="setUpClass(org.testng.ITestContext)[pri:0, instance:runner.TestRunner@7bd4937b]" started-at="2021-12-21T12:50:20 IST" name="setUpClass" finished-at="2021-12-21T12:50:20 IST" duration-ms="161" status="PASS">
          <params>
            <param index="0">
              <value>
                <![CDATA[org.testng.TestRunner@378cfecf]]>
              </value>
            </param>
          </params>
          <reporter-output>
          </reporter-output>
        </test-method> <!-- setUpClass -->
        <test-method signature="runScenario(io.cucumber.testng.PickleWrapper,io.cucumber.testng.FeatureWrapper)[pri:0, instance:runner.TestRunner@7bd4937b]" started-at="2021-12-21T12:50:20 IST" name="runScenario" description="Runs Cucumber Scenarios" data-provider="scenarios" finished-at="2021-12-21T12:50:24 IST" duration-ms="3452" status="PASS">
          <params>
            <param index="0">
              <value>
                <![CDATA["Navigate home page"]]>
              </value>
            </param>
            <param index="1">
              <value>
                <![CDATA["Optional[Booking tickets through FlyAway]"]]>
              </value>
            </param>
          </params>
          <reporter-output>
          </reporter-output>
        </test-method> <!-- runScenario -->
        <test-method signature="runScenario(io.cucumber.testng.PickleWrapper,io.cucumber.testng.FeatureWrapper)[pri:0, instance:runner.TestRunner@7bd4937b]" started-at="2021-12-21T12:50:24 IST" name="runScenario" description="Runs Cucumber Scenarios" data-provider="scenarios" finished-at="2021-12-21T12:50:24 IST" duration-ms="622" status="PASS">
          <params>
            <param index="0">
              <value>
                <![CDATA["User Performs the Registration"]]>
              </value>
            </param>
            <param index="1">
              <value>
                <![CDATA["Optional[Booking tickets through FlyAway]"]]>
              </value>
            </param>
          </params>
          <reporter-output>
          </reporter-output>
        </test-method> <!-- runScenario -->
        <test-method is-config="true" signature="tearDownClass()[pri:0, instance:runner.TestRunner@7bd4937b]" started-at="2021-12-21T12:50:24 IST" name="tearDownClass" finished-at="2021-12-21T12:50:24 IST" duration-ms="7" status="PASS">
          <reporter-output>
          </reporter-output>
        </test-method> <!-- tearDownClass -->
      </class> <!-- runner.TestRunner -->
    </test> <!-- Test -->
  </suite> <!-- Suite -->
</testng-results>
