<?xml version="1.0" encoding="UTF-8"?>
<testng-results ignored="0" total="3" passed="3" failed="0" skipped="0">
  <reporter-output>
  </reporter-output>
  <suite started-at="2021-12-22T12:55:22 IST" name="Suite" finished-at="2021-12-22T12:55:47 IST" duration-ms="24773">
    <groups>
      <group name="cucumber">
        <method signature="AbstractTestNGCucumberTests.runScenario(io.cucumber.testng.PickleWrapper,io.cucumber.testng.FeatureWrapper)[pri:0, instance:runner.TestRunner@54a7079e]" name="runScenario" class="io.cucumber.testng.AbstractTestNGCucumberTests"/>
      </group> <!-- cucumber -->
    </groups>
    <test started-at="2021-12-22T12:55:22 IST" name="Test" finished-at="2021-12-22T12:55:47 IST" duration-ms="24773">
      <class name="runner.TestRunner">
        <test-method is-config="true" signature="setUpClass(org.testng.ITestContext)[pri:0, instance:runner.TestRunner@54a7079e]" started-at="2021-12-22T12:55:22 IST" name="setUpClass" finished-at="2021-12-22T12:55:22 IST" duration-ms="170" status="PASS">
          <params>
            <param index="0">
              <value>
                <![CDATA[org.testng.TestRunner@268cbb86]]>
              </value>
            </param>
          </params>
          <reporter-output>
          </reporter-output>
        </test-method> <!-- setUpClass -->
        <test-method signature="runScenario(io.cucumber.testng.PickleWrapper,io.cucumber.testng.FeatureWrapper)[pri:0, instance:runner.TestRunner@54a7079e]" started-at="2021-12-22T12:55:22 IST" name="runScenario" description="Runs Cucumber Scenarios" data-provider="scenarios" finished-at="2021-12-22T12:55:32 IST" duration-ms="10096" status="PASS">
          <params>
            <param index="0">
              <value>
                <![CDATA["Navigate home page"]]>
              </value>
            </param>
            <param index="1">
              <value>
                <![CDATA["Optional[Booking tickets through FlyAway]"]]>
              </value>
            </param>
          </params>
          <reporter-output>
          </reporter-output>
        </test-method> <!-- runScenario -->
        <test-method signature="runScenario(io.cucumber.testng.PickleWrapper,io.cucumber.testng.FeatureWrapper)[pri:0, instance:runner.TestRunner@54a7079e]" started-at="2021-12-22T12:55:32 IST" name="runScenario" description="Runs Cucumber Scenarios" data-provider="scenarios" finished-at="2021-12-22T12:55:47 IST" duration-ms="14475" status="PASS">
          <params>
            <param index="0">
              <value>
                <![CDATA["User Performs the Registration"]]>
              </value>
            </param>
            <param index="1">
              <value>
                <![CDATA["Optional[Booking tickets through FlyAway]"]]>
              </value>
            </param>
          </params>
          <reporter-output>
          </reporter-output>
        </test-method> <!-- runScenario -->
        <test-method signature="runScenario(io.cucumber.testng.PickleWrapper,io.cucumber.testng.FeatureWrapper)[pri:0, instance:runner.TestRunner@54a7079e]" started-at="2021-12-22T12:55:47 IST" name="runScenario" description="Runs Cucumber Scenarios" data-provider="scenarios" finished-at="2021-12-22T12:55:47 IST" duration-ms="4" status="PASS">
          <params>
            <param index="0">
              <value>
                <![CDATA["User books the flight"]]>
              </value>
            </param>
            <param index="1">
              <value>
                <![CDATA["Optional[Booking tickets through FlyAway]"]]>
              </value>
            </param>
          </params>
          <reporter-output>
          </reporter-output>
        </test-method> <!-- runScenario -->
        <test-method is-config="true" signature="tearDownClass()[pri:0, instance:runner.TestRunner@54a7079e]" started-at="2021-12-22T12:55:47 IST" name="tearDownClass" finished-at="2021-12-22T12:55:47 IST" duration-ms="4" status="PASS">
          <reporter-output>
          </reporter-output>
        </test-method> <!-- tearDownClass -->
      </class> <!-- runner.TestRunner -->
    </test> <!-- Test -->
  </suite> <!-- Suite -->
</testng-results>
